# JRE version: OpenJDK Runtime Environment (17.0.6) (build 17.0.6+0-b2043.56-10027231)
# Java VM: OpenJDK 64-Bit Server VM (17.0.6+0-b2043.56-10027231, mixed mode, tiered, compressed oops, compressed class ptrs, g1 gc, windows-amd64)
GC Precious Log:
 CPUs: 8 total, 8 available
 Memory: 16215M
 Large Page Support: Disabled
 NUMA Support: Disabled
 Compressed Oops: Enabled (32-bit)
 Heap Region Size: 1M
 Heap Min Capacity: 8M
 Heap Initial Capacity: 254M
 Heap Max Capacity: 2G
 Pre-touch: Disabled
 Parallel Workers: 8
 Concurrent Workers: 2
 Concurrent Refinement Workers: 8
 Periodic GC: Disabled
Heap:
 garbage-first heap   total 388096K, used 186201K [0x0000000080000000, 0x0000000100000000)
  region size 1024K, 18 young (18432K), 18 survivors (18432K)
 Metaspace       used 147259K, committed 148160K, reserved 1179648K
  class space    used 20089K, committed 20544K, reserved 1048576K
GC Heap History (20 events):
Event: 194.244 GC heap after
{Heap after GC invocations=61 (full 0):
 garbage-first heap   total 388096K, used 202489K [0x0000000080000000, 0x0000000100000000)
  region size 1024K, 9 young (9216K), 9 survivors (9216K)
 Metaspace       used 145855K, committed 146816K, reserved 1179648K
  class space    used 20068K, committed 20544K, reserved 1048576K
}
Event: 194.271 GC heap before
{Heap before GC invocations=61 (full 0):
 garbage-first heap   total 388096K, used 211705K [0x0000000080000000, 0x0000000100000000)
  region size 1024K, 18 young (18432K), 9 survivors (9216K)
 Metaspace       used 145874K, committed 146816K, reserved 1179648K
  class space    used 20068K, committed 20544K, reserved 1048576K
}
Event: 194.278 GC heap after
{Heap after GC invocations=62 (full 0):
 garbage-first heap   total 388096K, used 194431K [0x0000000080000000, 0x0000000100000000)
  region size 1024K, 2 young (2048K), 2 survivors (2048K)
 Metaspace       used 145874K, committed 146816K, reserved 1179648K
  class space    used 20068K, committed 20544K, reserved 1048576K
}
Event: 198.924 GC heap before
{Heap before GC invocations=62 (full 0):
 garbage-first heap   total 388096K, used 289663K [0x0000000080000000, 0x0000000100000000)
  region size 1024K, 92 young (94208K), 2 survivors (2048K)
 Metaspace       used 146380K, committed 147392K, reserved 1179648K
  class space    used 20072K, committed 20544K, reserved 1048576K
}
Event: 198.928 GC heap after
{Heap after GC invocations=63 (full 0):
 garbage-first heap   total 388096K, used 200260K [0x0000000080000000, 0x0000000100000000)
  region size 1024K, 6 young (6144K), 6 survivors (6144K)
 Metaspace       used 146380K, committed 147392K, reserved 1179648K
  class space    used 20072K, committed 20544K, reserved 1048576K
}
Event: 199.348 GC heap before
{Heap before GC invocations=63 (full 0):
 garbage-first heap   total 388096K, used 295492K [0x0000000080000000, 0x0000000100000000)
  region size 1024K, 99 young (101376K), 6 survivors (6144K)
 Metaspace       used 146755K, committed 147776K, reserved 1179648K
  class space    used 20073K, committed 20544K, reserved 1048576K
}
Event: 199.353 GC heap after
{Heap after GC invocations=64 (full 0):
 garbage-first heap   total 388096K, used 200570K [0x0000000080000000, 0x0000000100000000)
  region size 1024K, 8 young (8192K), 8 survivors (8192K)
 Metaspace       used 146755K, committed 147776K, reserved 1179648K
  class space    used 20073K, committed 20544K, reserved 1048576K
}
Event: 199.670 GC heap before
{Heap before GC invocations=64 (full 0):
 garbage-first heap   total 388096K, used 268154K [0x0000000080000000, 0x0000000100000000)
  region size 1024K, 48 young (49152K), 8 survivors (8192K)
 Metaspace       used 146850K, committed 147840K, reserved 1179648K
  class space    used 20076K, committed 20544K, reserved 1048576K
}
Event: 199.673 GC heap after
{Heap after GC invocations=65 (full 0):
 garbage-first heap   total 388096K, used 213645K [0x0000000080000000, 0x0000000100000000)
  region size 1024K, 3 young (3072K), 3 survivors (3072K)
 Metaspace       used 146850K, committed 147840K, reserved 1179648K
  class space    used 20076K, committed 20544K, reserved 1048576K
}
Event: 199.687 GC heap before
{Heap before GC invocations=65 (full 0):
 garbage-first heap   total 388096K, used 230029K [0x0000000080000000, 0x0000000100000000)
  region size 1024K, 4 young (4096K), 3 survivors (3072K)
 Metaspace       used 146850K, committed 147840K, reserved 1179648K
  class space    used 20076K, committed 20544K, reserved 1048576K
}
Event: 199.690 GC heap after
{Heap after GC invocations=66 (full 0):
 garbage-first heap   total 388096K, used 215700K [0x0000000080000000, 0x0000000100000000)
  region size 1024K, 3 young (3072K), 3 survivors (3072K)
 Metaspace       used 146850K, committed 147840K, reserved 1179648K
  class space    used 20076K, committed 20544K, reserved 1048576K
}
Event: 199.701 GC heap before
{Heap before GC invocations=66 (full 0):
 garbage-first heap   total 388096K, used 223892K [0x0000000080000000, 0x0000000100000000)
  region size 1024K, 4 young (4096K), 3 survivors (3072K)
 Metaspace       used 146850K, committed 147840K, reserved 1179648K
  class space    used 20076K, committed 20544K, reserved 1048576K
}
Event: 199.704 GC heap after
{Heap after GC invocations=67 (full 0):
 garbage-first heap   total 388096K, used 211492K [0x0000000080000000, 0x0000000100000000)
  region size 1024K, 3 young (3072K), 3 survivors (3072K)
 Metaspace       used 146850K, committed 147840K, reserved 1179648K
  class space    used 20076K, committed 20544K, reserved 1048576K
}
Event: 199.705 GC heap before
{Heap before GC invocations=67 (full 0):
 garbage-first heap   total 388096K, used 221732K [0x0000000080000000, 0x0000000100000000)
  region size 1024K, 4 young (4096K), 3 survivors (3072K)
 Metaspace       used 146850K, committed 147840K, reserved 1179648K
  class space    used 20076K, committed 20544K, reserved 1048576K
}
Event: 199.707 GC heap after
{Heap after GC invocations=68 (full 0):
 garbage-first heap   total 388096K, used 221689K [0x0000000080000000, 0x0000000100000000)
  region size 1024K, 3 young (3072K), 3 survivors (3072K)
 Metaspace       used 146850K, committed 147840K, reserved 1179648K
  class space    used 20076K, committed 20544K, reserved 1048576K
}
Event: 258.840 GC heap before
{Heap before GC invocations=69 (full 0):
 garbage-first heap   total 388096K, used 313849K [0x0000000080000000, 0x0000000100000000)
  region size 1024K, 106 young (108544K), 3 survivors (3072K)
 Metaspace       used 147207K, committed 148160K, reserved 1179648K
  class space    used 20089K, committed 20544K, reserved 1048576K
}
Event: 258.852 GC heap after
{Heap after GC invocations=70 (full 0):
 garbage-first heap   total 388096K, used 189408K [0x0000000080000000, 0x0000000100000000)
  region size 1024K, 14 young (14336K), 14 survivors (14336K)
 Metaspace       used 147207K, committed 148160K, reserved 1179648K
  class space    used 20089K, committed 20544K, reserved 1048576K
}
Event: 258.871 GC heap before
{Heap before GC invocations=70 (full 0):
 garbage-first heap   total 388096K, used 193504K [0x0000000080000000, 0x0000000100000000)
  region size 1024K, 18 young (18432K), 14 survivors (14336K)
 Metaspace       used 147207K, committed 148160K, reserved 1179648K
  class space    used 20089K, committed 20544K, reserved 1048576K
}
Event: 258.892 GC heap after
{Heap after GC invocations=71 (full 0):
 garbage-first heap   total 388096K, used 168390K [0x0000000080000000, 0x0000000100000000)
  region size 1024K, 3 young (3072K), 3 survivors (3072K)
 Metaspace       used 147207K, committed 148160K, reserved 1179648K
  class space    used 20089K, committed 20544K, reserved 1048576K
}
Event: 259.137 GC heap before
{Heap before GC invocations=71 (full 0):
 garbage-first heap   total 388096K, used 202182K [0x0000000080000000, 0x0000000100000000)
  region size 1024K, 37 young (37888K), 3 survivors (3072K)
 Metaspace       used 147259K, committed 148160K, reserved 1179648K
  class space    used 20089K, committed 20544K, reserved 1048576K
}

